TN:
SF:C:\RabobankFE\src\polyfills.ts
FNF:0
FNH:0
LF:0
LH:0
BRF:0
BRH:0
end_of_record
TN:
SF:C:\RabobankFE\src\test.ts
FNF:0
FNH:0
DA:13,1
DA:18,1
DA:20,1
LF:3
LH:3
BRF:0
BRH:0
end_of_record
TN:
SF:C:\RabobankFE\src\app\importcsvfile\importcsvfile.component.ts
FN:9,(anonymous_0)
FN:16,ImportcsvfileComponent
FN:18,(anonymous_2)
FN:21,(anonymous_3)
FN:26,(anonymous_4)
FN:32,(anonymous_5)
FN:45,(anonymous_6)
FN:55,(anonymous_7)
FN:63,(anonymous_8)
FN:75,(anonymous_9)
FNF:10
FNH:9
FNDA:1,(anonymous_0)
FNDA:5,ImportcsvfileComponent
FNDA:5,(anonymous_2)
FNDA:1,(anonymous_3)
FNDA:2,(anonymous_4)
FNDA:1,(anonymous_5)
FNDA:0,(anonymous_6)
FNDA:1,(anonymous_7)
FNDA:2,(anonymous_8)
FNDA:2,(anonymous_9)
DA:9,1
DA:10,1
DA:11,5
DA:13,5
DA:18,1
DA:21,1
DA:22,1
DA:23,1
DA:26,2
DA:27,2
DA:28,2
DA:29,1
DA:30,1
DA:31,1
DA:32,1
DA:33,1
DA:34,1
DA:37,1
DA:38,1
DA:39,1
DA:40,1
DA:41,1
DA:42,1
DA:45,1
DA:46,0
DA:49,1
DA:50,1
DA:51,1
DA:55,1
DA:60,1
DA:61,1
DA:62,1
DA:63,1
DA:65,2
DA:67,1
DA:68,1
DA:69,3
DA:70,3
DA:75,1
DA:76,2
DA:77,2
DA:78,2
DA:79,2
DA:82,0
DA:85,1
LF:45
LH:43
BRDA:28,0,0,1
BRDA:28,0,1,1
BRDA:76,1,0,0
BRDA:76,1,1,2
BRDA:78,2,0,2
BRDA:78,2,1,0
BRDA:79,3,0,0
BRDA:79,3,1,2
BRF:8
BRH:5
end_of_record
